<?xml version="1.0" encoding="UTF-8"?>
<testng-results ignored="0" total="2" passed="2" failed="0" skipped="0">
  <reporter-output>
  </reporter-output>
  <suite started-at="2021-11-25T09:57:03Z" name="Test Suite" finished-at="2021-11-25T09:57:14Z" duration-ms="10016">
    <groups>
    </groups>
    <test started-at="2021-11-25T09:57:03Z" name="Sanity Test" finished-at="2021-11-25T09:57:14Z" duration-ms="10016">
      <class name="dockerdemo.GmailHomepage">
        <test-method is-config="true" signature="configure()[pri:0, instance:dockerdemo.GmailHomepage@3098cf3b]" started-at="2021-11-25T09:57:04Z" name="configure" finished-at="2021-11-25T09:57:10Z" duration-ms="6677" status="PASS">
          <reporter-output>
          </reporter-output>
        </test-method> <!-- configure -->
        <test-method signature="gmailHomepageTest()[pri:0, instance:dockerdemo.GmailHomepage@3098cf3b]" started-at="2021-11-25T09:57:10Z" name="gmailHomepageTest" finished-at="2021-11-25T09:57:13Z" duration-ms="3253" status="PASS">
          <reporter-output>
          </reporter-output>
        </test-method> <!-- gmailHomepageTest -->
        <test-method is-config="true" signature="tearDown()[pri:0, instance:dockerdemo.GmailHomepage@3098cf3b]" started-at="2021-11-25T09:57:13Z" name="tearDown" finished-at="2021-11-25T09:57:14Z" duration-ms="65" status="PASS">
          <reporter-output>
          </reporter-output>
        </test-method> <!-- tearDown -->
      </class> <!-- dockerdemo.GmailHomepage -->
      <class name="dockerdemo.AutoSuggestDropDownTest">
        <test-method is-config="true" signature="configure()[pri:0, instance:dockerdemo.AutoSuggestDropDownTest@175b9425]" started-at="2021-11-25T09:57:04Z" name="configure" finished-at="2021-11-25T09:57:05Z" duration-ms="1470" status="PASS">
          <reporter-output>
          </reporter-output>
        </test-method> <!-- configure -->
        <test-method signature="AutoSuggestDropDownValidationTest()[pri:0, instance:dockerdemo.AutoSuggestDropDownTest@175b9425]" started-at="2021-11-25T09:57:05Z" name="AutoSuggestDropDownValidationTest" finished-at="2021-11-25T09:57:10Z" duration-ms="4711" status="PASS">
          <reporter-output>
          </reporter-output>
        </test-method> <!-- AutoSuggestDropDownValidationTest -->
        <test-method is-config="true" signature="tearDown()[pri:0, instance:dockerdemo.AutoSuggestDropDownTest@175b9425]" started-at="2021-11-25T09:57:10Z" name="tearDown" finished-at="2021-11-25T09:57:10Z" duration-ms="67" status="PASS">
          <reporter-output>
          </reporter-output>
        </test-method> <!-- tearDown -->
      </class> <!-- dockerdemo.AutoSuggestDropDownTest -->
    </test> <!-- Sanity Test -->
  </suite> <!-- Test Suite -->
</testng-results>
